Using pre-set license
Built from '2022.3/staging' branch; Version is '2022.3.25f1 (530ae0ba3889) revision 5442272'; Using compiler version '192829333'; Build Type 'Release'
OS: 'Windows 10  (10.0.19045) 64bit Core' Language: 'en' Physical Memory: 12240 MB
BatchMode: 1, IsHumanControllingUs: 0, StartBugReporterOnCrash: 0, Is64bit: 1, IsPro: 1

COMMAND LINE ARGUMENTS:
C:\Program Files\Unity\Hub\Editor\2022.3.25f1\Editor\Unity.exe
-adb2
-batchMode
-noUpm
-name
AssetImportWorker1
-projectPath
C:/Users/Work/Dev/LairenArena/LairenArena
-logFile
Logs/AssetImportWorker1.log
-srvPort
53615
Successfully changed project path to: C:/Users/Work/Dev/LairenArena/LairenArena
C:/Users/Work/Dev/LairenArena/LairenArena
[UnityMemory] Configuration Parameters - Can be set up in boot.config
    "memorysetup-bucket-allocator-granularity=16"
    "memorysetup-bucket-allocator-bucket-count=8"
    "memorysetup-bucket-allocator-block-size=33554432"
    "memorysetup-bucket-allocator-block-count=8"
    "memorysetup-main-allocator-block-size=16777216"
    "memorysetup-thread-allocator-block-size=16777216"
    "memorysetup-gfx-main-allocator-block-size=16777216"
    "memorysetup-gfx-thread-allocator-block-size=16777216"
    "memorysetup-cache-allocator-block-size=4194304"
    "memorysetup-typetree-allocator-block-size=2097152"
    "memorysetup-profiler-bucket-allocator-granularity=16"
    "memorysetup-profiler-bucket-allocator-bucket-count=8"
    "memorysetup-profiler-bucket-allocator-block-size=33554432"
    "memorysetup-profiler-bucket-allocator-block-count=8"
    "memorysetup-profiler-allocator-block-size=16777216"
    "memorysetup-profiler-editor-allocator-block-size=1048576"
    "memorysetup-temp-allocator-size-main=16777216"
    "memorysetup-job-temp-allocator-block-size=2097152"
    "memorysetup-job-temp-allocator-block-size-background=1048576"
    "memorysetup-job-temp-allocator-reduction-small-platforms=262144"
    "memorysetup-allocator-temp-initial-block-size-main=262144"
    "memorysetup-allocator-temp-initial-block-size-worker=262144"
    "memorysetup-temp-allocator-size-background-worker=32768"
    "memorysetup-temp-allocator-size-job-worker=262144"
    "memorysetup-temp-allocator-size-preload-manager=33554432"
    "memorysetup-temp-allocator-size-nav-mesh-worker=65536"
    "memorysetup-temp-allocator-size-audio-worker=65536"
    "memorysetup-temp-allocator-size-cloud-worker=32768"
    "memorysetup-temp-allocator-size-gi-baking-worker=262144"
    "memorysetup-temp-allocator-size-gfx=262144"
Player connection [32016] Host "[IP] 192.168.1.4 [Port] 0 [Flags] 2 [Guid] 1196583552 [EditorId] 1196583552 [Version] 1048832 [Id] WindowsEditor(7,DESKTOP-JOJFKQ6) [Debug] 1 [PackageName] WindowsEditor [ProjectName] Editor" joined multi-casting on [225.0.0.222:54997]...

Player connection [32016] Host "[IP] 192.168.1.4 [Port] 0 [Flags] 2 [Guid] 1196583552 [EditorId] 1196583552 [Version] 1048832 [Id] WindowsEditor(7,DESKTOP-JOJFKQ6) [Debug] 1 [PackageName] WindowsEditor [ProjectName] Editor" joined alternative multi-casting on [225.0.0.222:34997]...

[Physics::Module] Initialized MultithreadedJobDispatcher with 7 workers.
Refreshing native plugins compatible for Editor in 39.28 ms, found 4 plugins.
Preloading 1 native plugins for Editor in 3.78 ms.
Initialize engine version: 2022.3.25f1 (530ae0ba3889)
[Subsystems] Discovering subsystems at path C:/Program Files/Unity/Hub/Editor/2022.3.25f1/Editor/Data/Resources/UnitySubsystems
[Subsystems] Discovering subsystems at path C:/Users/Work/Dev/LairenArena/LairenArena/Assets
GfxDevice: creating device client; threaded=0; jobified=0
Direct3D:
    Version:  Direct3D 11.0 [level 11.1]
    Renderer: NVIDIA GeForce GTX 1060 (ID=0x1c60)
    Vendor:   NVIDIA
    VRAM:     2965 MB
    Driver:   31.0.15.5212
Initialize mono
Mono path[0] = 'C:/Program Files/Unity/Hub/Editor/2022.3.25f1/Editor/Data/Managed'
Mono path[1] = 'C:/Program Files/Unity/Hub/Editor/2022.3.25f1/Editor/Data/MonoBleedingEdge/lib/mono/unityjit-win32'
Mono config path = 'C:/Program Files/Unity/Hub/Editor/2022.3.25f1/Editor/Data/MonoBleedingEdge/etc'
Using monoOptions --debugger-agent=transport=dt_socket,embedding=1,server=y,suspend=n,address=127.0.0.1:56000
Begin MonoManager ReloadAssembly
Registering precompiled unity dll's ...
Register platform support module: C:/Program Files/Unity/Hub/Editor/2022.3.25f1/Editor/Data/PlaybackEngines/WindowsStandaloneSupport/UnityEditor.WindowsStandalone.Extensions.dll
Registered in 0.010339 seconds.
- Loaded All Assemblies, in  0.488 seconds
Native extension for WindowsStandalone target not found
Mono: successfully reloaded assembly
- Finished resetting the current domain, in  0.395 seconds
Domain Reload Profiling: 881ms
	BeginReloadAssembly (157ms)
		ExecutionOrderSort (0ms)
		DisableScriptedObjects (0ms)
		BackupInstance (0ms)
		ReleaseScriptingObjects (0ms)
		CreateAndSetChildDomain (1ms)
	RebuildCommonClasses (44ms)
	RebuildNativeTypeToScriptingClass (15ms)
	initialDomainReloadingComplete (88ms)
	LoadAllAssembliesAndSetupDomain (182ms)
		LoadAssemblies (154ms)
		RebuildTransferFunctionScriptingTraits (0ms)
		AnalyzeDomain (180ms)
			TypeCache.Refresh (178ms)
				TypeCache.ScanAssembly (162ms)
			ScanForSourceGeneratedMonoScriptInfo (0ms)
			ResolveRequiredComponents (1ms)
	FinalizeReload (395ms)
		ReleaseScriptCaches (0ms)
		RebuildScriptCaches (0ms)
		SetupLoadedEditorAssemblies (303ms)
			LogAssemblyErrors (0ms)
			InitializePlatformSupportModulesInManaged (14ms)
			SetLoadedEditorAssemblies (12ms)
			RefreshPlugins (0ms)
			BeforeProcessingInitializeOnLoad (3ms)
			ProcessInitializeOnLoadAttributes (208ms)
			ProcessInitializeOnLoadMethodAttributes (66ms)
			AfterProcessingInitializeOnLoad (0ms)
			EditorAssembliesLoaded (0ms)
		ExecutionOrderSort2 (0ms)
		AwakeInstancesAfterBackupRestoration (0ms)
========================================================================
Worker process is ready to serve import requests
Begin MonoManager ReloadAssembly
Symbol file LoadedFromMemory is not a mono symbol file
- Loaded All Assemblies, in  1.900 seconds
Refreshing native plugins compatible for Editor in 14.79 ms, found 4 plugins.
Native extension for WindowsStandalone target not found
Package Manager log level set to [2]
[Package Manager] Server::EnsureServerProcessIsRunning -- launch failed, reason: Unity was launched with the -noUpm command-line argument
[Package Manager] UpmClient::Send -- Unable to send message (not connected to UPM process).
[Package Manager] Cannot connect to Unity Package Manager local server
Mirror | mirror-networking.com | discord.gg/N9QVxbM
Mono: successfully reloaded assembly
- Finished resetting the current domain, in  1.416 seconds
Domain Reload Profiling: 3307ms
	BeginReloadAssembly (201ms)
		ExecutionOrderSort (0ms)
		DisableScriptedObjects (7ms)
		BackupInstance (0ms)
		ReleaseScriptingObjects (0ms)
		CreateAndSetChildDomain (26ms)
	RebuildCommonClasses (82ms)
	RebuildNativeTypeToScriptingClass (33ms)
	initialDomainReloadingComplete (95ms)
	LoadAllAssembliesAndSetupDomain (1480ms)
		LoadAssemblies (917ms)
		RebuildTransferFunctionScriptingTraits (0ms)
		AnalyzeDomain (683ms)
			TypeCache.Refresh (620ms)
				TypeCache.ScanAssembly (584ms)
			ScanForSourceGeneratedMonoScriptInfo (45ms)
			ResolveRequiredComponents (14ms)
	FinalizeReload (1417ms)
		ReleaseScriptCaches (0ms)
		RebuildScriptCaches (0ms)
		SetupLoadedEditorAssemblies (1134ms)
			LogAssemblyErrors (0ms)
			InitializePlatformSupportModulesInManaged (11ms)
			SetLoadedEditorAssemblies (12ms)
			RefreshPlugins (0ms)
			BeforeProcessingInitializeOnLoad (187ms)
			ProcessInitializeOnLoadAttributes (765ms)
			ProcessInitializeOnLoadMethodAttributes (149ms)
			AfterProcessingInitializeOnLoad (10ms)
			EditorAssembliesLoaded (0ms)
		ExecutionOrderSort2 (0ms)
		AwakeInstancesAfterBackupRestoration (8ms)
Launched and connected shader compiler UnityShaderCompiler.exe after 0.05 seconds
Refreshing native plugins compatible for Editor in 15.45 ms, found 4 plugins.
Preloading 1 native plugins for Editor in 0.11 ms.
Unloading 5090 Unused Serialized files (Serialized files now loaded: 0)
Unloading 96 unused Assets / (76.7 KB). Loaded Objects now: 5522.
Memory consumption went from 178.3 MB to 178.2 MB.
Total: 8.962900 ms (FindLiveObjects: 0.449300 ms CreateObjectMapping: 0.487000 ms MarkObjects: 7.837900 ms  DeleteObjects: 0.187600 ms)

AssetImportParameters requested are different than current active one (requested -> active):
  custom:container-demuxer-ogg: 62fdf1f143b41e24485cea50d1cbac27 -> 
  custom:video-decoder-ogg-theora: a1e56fd34408186e4bbccfd4996cb3dc -> 
  custom:framework-win-MediaFoundation: 216162199b28c13a410421893ffa2e32 -> 
  custom:CustomObjectIndexerAttribute: 9a22284fe3817be447336de3de66b15e -> 
  custom:container-demuxer-webm: 4f35f7cbe854078d1ac9338744f61a02 -> 
  custom:container-muxer-webm: aa71ff27fc2769a1b78a27578f13a17b -> 
  custom:video-decoder-webm-vp8: 9c59270c3fd7afecdb556c50c9e8de78 -> 
  custom:SearchIndexIgnoredProperties: e643bd26f0fe6173181afceb89e7c659 -> 
  custom:AudioImporter_EditorPlatform: d09bf68614088b80899f8185d706f6e7 -> 
  custom:video-encoder-webm-vp8: eb34c28f22e8b96e1ab97ce403110664 -> 
  custom:audio-decoder-ogg-vorbis: bf7c407c2cedff20999df2af8eb42d56 -> 
  custom:audio-encoder-webm-vorbis: bf7c407c2cedff20999df2af8eb42d56 -> 
========================================================================
Received Import Request.
  Time since last request: 46237.201342 seconds.
  path: Assets/Resources/Cards/AIXA, TRONO COMPARTIDO.jpg
  artifactKey: Guid(b6b4ac2d82337704085f7da53b200ffe) Importer(815301076,1909f56bfc062723c751e8b465ee728b)
Start importing Assets/Resources/Cards/AIXA, TRONO COMPARTIDO.jpg using Guid(b6b4ac2d82337704085f7da53b200ffe) Importer(815301076,1909f56bfc062723c751e8b465ee728b)  -> (artifact id: '35676b60076284576ed8a5199cae3f7a') in 0.097949 seconds
Number of updated asset objects reloaded before import = 0
Number of asset objects unloaded after import = 2
========================================================================
Received Import Request.
  Time since last request: 0.000036 seconds.
  path: Assets/Resources/Cards/APRENDIZ DE CONJUROS.jpg
  artifactKey: Guid(f83843f744a5b8b469e90655092199f4) Importer(815301076,1909f56bfc062723c751e8b465ee728b)
Start importing Assets/Resources/Cards/APRENDIZ DE CONJUROS.jpg using Guid(f83843f744a5b8b469e90655092199f4) Importer(815301076,1909f56bfc062723c751e8b465ee728b)  -> (artifact id: '6a3ccbc8ae0268874f0a686e7a1dd4bf') in 0.014285 seconds
Number of updated asset objects reloaded before import = 0
Number of asset objects unloaded after import = 2
========================================================================
Received Import Request.
  Time since last request: 0.000027 seconds.
  path: Assets/Resources/Cards/ALQUIMISTA DE TESOROS 1.jpg
  artifactKey: Guid(06ab4c794ee7a174691dffa359143266) Importer(815301076,1909f56bfc062723c751e8b465ee728b)
Start importing Assets/Resources/Cards/ALQUIMISTA DE TESOROS 1.jpg using Guid(06ab4c794ee7a174691dffa359143266) Importer(815301076,1909f56bfc062723c751e8b465ee728b)  -> (artifact id: '6991443c3a1797c6117ec05354efba74') in 0.009120 seconds
Number of updated asset objects reloaded before import = 0
Number of asset objects unloaded after import = 2
========================================================================
Received Import Request.
  Time since last request: 0.000015 seconds.
  path: Assets/Resources/Cards/ANDREA, RITUALISTA DE LO OSCURO.jpg
  artifactKey: Guid(e9252b0de1b4a30439bc91778a67e4eb) Importer(815301076,1909f56bfc062723c751e8b465ee728b)
Start importing Assets/Resources/Cards/ANDREA, RITUALISTA DE LO OSCURO.jpg using Guid(e9252b0de1b4a30439bc91778a67e4eb) Importer(815301076,1909f56bfc062723c751e8b465ee728b)  -> (artifact id: '57709cd7f131f9df594cc2c91e10c7d9') in 0.016982 seconds
Number of updated asset objects reloaded before import = 0
Number of asset objects unloaded after import = 2
========================================================================
Received Import Request.
  Time since last request: 0.000029 seconds.
  path: Assets/Resources/Cards/ALUMNO INESPERADO.jpg
  artifactKey: Guid(711130c218933e54ebbb8b642ebfc894) Importer(815301076,1909f56bfc062723c751e8b465ee728b)
Start importing Assets/Resources/Cards/ALUMNO INESPERADO.jpg using Guid(711130c218933e54ebbb8b642ebfc894) Importer(815301076,1909f56bfc062723c751e8b465ee728b)  -> (artifact id: '3d0167c630996eaee44aceaa35d38c7b') in 0.026883 seconds
Number of updated asset objects reloaded before import = 0
Number of asset objects unloaded after import = 2
========================================================================
Received Import Request.
  Time since last request: 0.000015 seconds.
  path: Assets/Resources/Cards/ARTISTA DE LOS PUEBLOS.jpg
  artifactKey: Guid(0c315f34625dc8b4cbd40e172808484d) Importer(815301076,1909f56bfc062723c751e8b465ee728b)
Start importing Assets/Resources/Cards/ARTISTA DE LOS PUEBLOS.jpg using Guid(0c315f34625dc8b4cbd40e172808484d) Importer(815301076,1909f56bfc062723c751e8b465ee728b)  -> (artifact id: '9ed1ef7bebbc11a922738455a91b42fd') in 0.010216 seconds
Number of updated asset objects reloaded before import = 0
Number of asset objects unloaded after import = 2
========================================================================
Received Import Request.
  Time since last request: 0.000022 seconds.
  path: Assets/Resources/Cards/ASESINA SANGUINARIA.jpg
  artifactKey: Guid(06ddb03f04cea254ba26651251192e9a) Importer(815301076,1909f56bfc062723c751e8b465ee728b)
Start importing Assets/Resources/Cards/ASESINA SANGUINARIA.jpg using Guid(06ddb03f04cea254ba26651251192e9a) Importer(815301076,1909f56bfc062723c751e8b465ee728b)  -> (artifact id: 'b416bc295f12c154604883a94c929771') in 0.009611 seconds
Number of updated asset objects reloaded before import = 0
Number of asset objects unloaded after import = 2
========================================================================
Received Import Request.
  Time since last request: 0.000016 seconds.
  path: Assets/Resources/Cards/ALUMNO DE LA PROTECCION 1.jpg
  artifactKey: Guid(a5bcd0ddc5154ed4ea15e3f053e11aed) Importer(815301076,1909f56bfc062723c751e8b465ee728b)
Start importing Assets/Resources/Cards/ALUMNO DE LA PROTECCION 1.jpg using Guid(a5bcd0ddc5154ed4ea15e3f053e11aed) Importer(815301076,1909f56bfc062723c751e8b465ee728b)  -> (artifact id: '6ce84eabab452a5634c98005cf9968c7') in 0.010100 seconds
Number of updated asset objects reloaded before import = 0
Number of asset objects unloaded after import = 2
========================================================================
Received Import Request.
  Time since last request: 0.000015 seconds.
  path: Assets/Resources/Cards/ANIQUILADOR DE ESPERANZAS.jpg
  artifactKey: Guid(ad79de9928babaf4fa4984f9ca114b9a) Importer(815301076,1909f56bfc062723c751e8b465ee728b)
Start importing Assets/Resources/Cards/ANIQUILADOR DE ESPERANZAS.jpg using Guid(ad79de9928babaf4fa4984f9ca114b9a) Importer(815301076,1909f56bfc062723c751e8b465ee728b)  -> (artifact id: 'f2cb582c6df350a441264f1d3adda124') in 0.010210 seconds
Number of updated asset objects reloaded before import = 0
Number of asset objects unloaded after import = 2
========================================================================
Received Import Request.
  Time since last request: 0.000020 seconds.
  path: Assets/Resources/Cards/ARQUERO DE HAMRRA 1.jpg
  artifactKey: Guid(70bee154225c5314b83c75b8ec15684f) Importer(815301076,1909f56bfc062723c751e8b465ee728b)
Start importing Assets/Resources/Cards/ARQUERO DE HAMRRA 1.jpg using Guid(70bee154225c5314b83c75b8ec15684f) Importer(815301076,1909f56bfc062723c751e8b465ee728b)  -> (artifact id: '483d4d5e1a79c2f3b02c1168eec2b4aa') in 0.009269 seconds
Number of updated asset objects reloaded before import = 0
Number of asset objects unloaded after import = 2
========================================================================
Received Import Request.
  Time since last request: 0.000022 seconds.
  path: Assets/Resources/Cards/APRENDIZ DE CONJUROS 1.jpg
  artifactKey: Guid(ecd60de0b0cab35449e75e1d0337074f) Importer(815301076,1909f56bfc062723c751e8b465ee728b)
Start importing Assets/Resources/Cards/APRENDIZ DE CONJUROS 1.jpg using Guid(ecd60de0b0cab35449e75e1d0337074f) Importer(815301076,1909f56bfc062723c751e8b465ee728b)  -> (artifact id: '2c997b2c5de37f3b7284296c6f807efd') in 0.008101 seconds
Number of updated asset objects reloaded before import = 0
Number of asset objects unloaded after import = 2
========================================================================
Received Import Request.
  Time since last request: 0.000019 seconds.
  path: Assets/Resources/Cards/ARACNOBAJO.jpg
  artifactKey: Guid(50f3a03b6b6729e499700673846a0a08) Importer(815301076,1909f56bfc062723c751e8b465ee728b)
Start importing Assets/Resources/Cards/ARACNOBAJO.jpg using Guid(50f3a03b6b6729e499700673846a0a08) Importer(815301076,1909f56bfc062723c751e8b465ee728b)  -> (artifact id: '4521f4d53a9a37e6904101d9714690c4') in 0.010636 seconds
Number of updated asset objects reloaded before import = 0
Number of asset objects unloaded after import = 2
========================================================================
Received Import Request.
  Time since last request: 0.000019 seconds.
  path: Assets/Resources/Cards/ANILLOS DESVANECEDORES.jpg
  artifactKey: Guid(7b6b35ed68d4bd64e846c5b5c06e515f) Importer(815301076,1909f56bfc062723c751e8b465ee728b)
Start importing Assets/Resources/Cards/ANILLOS DESVANECEDORES.jpg using Guid(7b6b35ed68d4bd64e846c5b5c06e515f) Importer(815301076,1909f56bfc062723c751e8b465ee728b)  -> (artifact id: '3fafe508332917e05ffa20863b07b17a') in 0.009560 seconds
Number of updated asset objects reloaded before import = 0
Number of asset objects unloaded after import = 2
========================================================================
Received Import Request.
  Time since last request: 0.000020 seconds.
  path: Assets/Resources/Cards/ALERTAR AL REY.jpg
  artifactKey: Guid(f7004b8aeded92a43925edc7c10c3c3d) Importer(815301076,1909f56bfc062723c751e8b465ee728b)
Start importing Assets/Resources/Cards/ALERTAR AL REY.jpg using Guid(f7004b8aeded92a43925edc7c10c3c3d) Importer(815301076,1909f56bfc062723c751e8b465ee728b)  -> (artifact id: 'bcf863bd93229bb5fae638dbad62eb3d') in 0.009212 seconds
Number of updated asset objects reloaded before import = 0
Number of asset objects unloaded after import = 2
========================================================================
Received Import Request.
  Time since last request: 0.000020 seconds.
  path: Assets/Resources/Cards/APARICION DEL TEMPLO DE ROCA.jpg
  artifactKey: Guid(50f6819c704f57e42a8544ba4fd42cf1) Importer(815301076,1909f56bfc062723c751e8b465ee728b)
Start importing Assets/Resources/Cards/APARICION DEL TEMPLO DE ROCA.jpg using Guid(50f6819c704f57e42a8544ba4fd42cf1) Importer(815301076,1909f56bfc062723c751e8b465ee728b)  -> (artifact id: '133fd5251d6645a6d0f9af9c3d6d0b43') in 0.009207 seconds
Number of updated asset objects reloaded before import = 0
Number of asset objects unloaded after import = 2
========================================================================
Received Import Request.
  Time since last request: 0.000017 seconds.
  path: Assets/Resources/Cards/AIXA, DESERTORA DE LA CORONA 1.jpg
  artifactKey: Guid(cc4b5f30a57fd864783058d22d820549) Importer(815301076,1909f56bfc062723c751e8b465ee728b)
Start importing Assets/Resources/Cards/AIXA, DESERTORA DE LA CORONA 1.jpg using Guid(cc4b5f30a57fd864783058d22d820549) Importer(815301076,1909f56bfc062723c751e8b465ee728b)  -> (artifact id: '9e2517fb89ed97f27bcbc1b4b7c95468') in 0.010367 seconds
Number of updated asset objects reloaded before import = 0
Number of asset objects unloaded after import = 2
========================================================================
Received Import Request.
  Time since last request: 0.000019 seconds.
  path: Assets/Resources/Cards/ARMERIA DE LA CORONA.jpg
  artifactKey: Guid(c0bc7f9c6d0c9e5448d91de03a96a835) Importer(815301076,1909f56bfc062723c751e8b465ee728b)
Start importing Assets/Resources/Cards/ARMERIA DE LA CORONA.jpg using Guid(c0bc7f9c6d0c9e5448d91de03a96a835) Importer(815301076,1909f56bfc062723c751e8b465ee728b)  -> (artifact id: '145282fd17c1fcb0c00c559db1861ea2') in 0.011417 seconds
Number of updated asset objects reloaded before import = 0
Number of asset objects unloaded after import = 2
========================================================================
Received Import Request.
  Time since last request: 0.000023 seconds.
  path: Assets/Resources/Cards/AGUJERO ESPACIO TEMPORAL.jpg
  artifactKey: Guid(9de1955ef7e815f48af5e4f0d8a51de5) Importer(815301076,1909f56bfc062723c751e8b465ee728b)
Start importing Assets/Resources/Cards/AGUJERO ESPACIO TEMPORAL.jpg using Guid(9de1955ef7e815f48af5e4f0d8a51de5) Importer(815301076,1909f56bfc062723c751e8b465ee728b)  -> (artifact id: '5ea882caf6b8db6401dabca3bae76768') in 0.009236 seconds
Number of updated asset objects reloaded before import = 0
Number of asset objects unloaded after import = 2
========================================================================
Received Import Request.
  Time since last request: 0.000028 seconds.
  path: Assets/Resources/Cards/ARACNOTANQUE.jpg
  artifactKey: Guid(3fcf69ee72167754eadb6bb43673456b) Importer(815301076,1909f56bfc062723c751e8b465ee728b)
Start importing Assets/Resources/Cards/ARACNOTANQUE.jpg using Guid(3fcf69ee72167754eadb6bb43673456b) Importer(815301076,1909f56bfc062723c751e8b465ee728b)  -> (artifact id: '43ba8700a31cacd9f551ce8457430122') in 0.010720 seconds
Number of updated asset objects reloaded before import = 0
Number of asset objects unloaded after import = 2
========================================================================
Received Import Request.
  Time since last request: 0.000028 seconds.
  path: Assets/Resources/Cards/ARLEQUIN ERRANTE.jpg
  artifactKey: Guid(a3933873aba29814799163c789c4c560) Importer(815301076,1909f56bfc062723c751e8b465ee728b)
Start importing Assets/Resources/Cards/ARLEQUIN ERRANTE.jpg using Guid(a3933873aba29814799163c789c4c560) Importer(815301076,1909f56bfc062723c751e8b465ee728b)  -> (artifact id: 'f82612e6587cb09488d370f507c9b572') in 0.010854 seconds
Number of updated asset objects reloaded before import = 0
Number of asset objects unloaded after import = 2
========================================================================
Received Import Request.
  Time since last request: 0.000024 seconds.
  path: Assets/Resources/Cards/ALERTAR AL REY 1.jpg
  artifactKey: Guid(86d72697faf1f154db1a66a0c148e08d) Importer(815301076,1909f56bfc062723c751e8b465ee728b)
Start importing Assets/Resources/Cards/ALERTAR AL REY 1.jpg using Guid(86d72697faf1f154db1a66a0c148e08d) Importer(815301076,1909f56bfc062723c751e8b465ee728b)  -> (artifact id: '0acbec648a0294a8fa8031c0ad39fb12') in 0.009668 seconds
Number of updated asset objects reloaded before import = 0
Number of asset objects unloaded after import = 2
========================================================================
Received Import Request.
  Time since last request: 0.000017 seconds.
  path: Assets/Resources/Cards/ACECHANDO EL REINO.jpg
  artifactKey: Guid(d49080d572e356240a89ef0cc8a511d7) Importer(815301076,1909f56bfc062723c751e8b465ee728b)
Start importing Assets/Resources/Cards/ACECHANDO EL REINO.jpg using Guid(d49080d572e356240a89ef0cc8a511d7) Importer(815301076,1909f56bfc062723c751e8b465ee728b)  -> (artifact id: 'd033c0bf90bbc70b728d2ef8e00b504c') in 0.010317 seconds
Number of updated asset objects reloaded before import = 0
Number of asset objects unloaded after import = 2
========================================================================
Received Import Request.
  Time since last request: 0.000017 seconds.
  path: Assets/Resources/Cards/ANCIANA MAESTRA.jpg
  artifactKey: Guid(236061cd0bb229f40a9c122136bed285) Importer(815301076,1909f56bfc062723c751e8b465ee728b)
Start importing Assets/Resources/Cards/ANCIANA MAESTRA.jpg using Guid(236061cd0bb229f40a9c122136bed285) Importer(815301076,1909f56bfc062723c751e8b465ee728b)  -> (artifact id: '6689e9c37133da172adf2954059fcd34') in 0.010524 seconds
Number of updated asset objects reloaded before import = 0
Number of asset objects unloaded after import = 2
========================================================================
Received Import Request.
  Time since last request: 0.000018 seconds.
  path: Assets/Resources/Cards/ALQUIMISTA DE TESOROS.jpg
  artifactKey: Guid(a82f384698334e5468fa66c100c2af9d) Importer(815301076,1909f56bfc062723c751e8b465ee728b)
Start importing Assets/Resources/Cards/ALQUIMISTA DE TESOROS.jpg using Guid(a82f384698334e5468fa66c100c2af9d) Importer(815301076,1909f56bfc062723c751e8b465ee728b)  -> (artifact id: '388eb6d44d12432da6c073e41577f390') in 0.010011 seconds
Number of updated asset objects reloaded before import = 0
Number of asset objects unloaded after import = 2
========================================================================
Received Import Request.
  Time since last request: 0.000017 seconds.
  path: Assets/Resources/Cards/AMIGA DE LOS ARBOLES.jpg
  artifactKey: Guid(13320b28da2d2a747b4b9466ce548785) Importer(815301076,1909f56bfc062723c751e8b465ee728b)
Start importing Assets/Resources/Cards/AMIGA DE LOS ARBOLES.jpg using Guid(13320b28da2d2a747b4b9466ce548785) Importer(815301076,1909f56bfc062723c751e8b465ee728b)  -> (artifact id: 'e702ebd5ca5b0c9e081a4822996450d9') in 0.010903 seconds
Number of updated asset objects reloaded before import = 0
Number of asset objects unloaded after import = 2
========================================================================
Received Import Request.
  Time since last request: 0.000026 seconds.
  path: Assets/Resources/Cards/ARTILLERO DE HAMRRA 1.jpg
  artifactKey: Guid(95b91180119984040b5aca0e5b96dcba) Importer(815301076,1909f56bfc062723c751e8b465ee728b)
Start importing Assets/Resources/Cards/ARTILLERO DE HAMRRA 1.jpg using Guid(95b91180119984040b5aca0e5b96dcba) Importer(815301076,1909f56bfc062723c751e8b465ee728b)  -> (artifact id: '4e94dde2261771a18341375943f7d302') in 0.010020 seconds
Number of updated asset objects reloaded before import = 0
Number of asset objects unloaded after import = 2
========================================================================
Received Import Request.
  Time since last request: 0.000018 seconds.
  path: Assets/Resources/Cards/ADNAN, ASESINO ELITE.jpg
  artifactKey: Guid(22cf4f92a36a419438dea053843c1be8) Importer(815301076,1909f56bfc062723c751e8b465ee728b)
Start importing Assets/Resources/Cards/ADNAN, ASESINO ELITE.jpg using Guid(22cf4f92a36a419438dea053843c1be8) Importer(815301076,1909f56bfc062723c751e8b465ee728b)  -> (artifact id: 'bc6d1e20fa72281d0cf2f15eedcb3b95') in 0.009330 seconds
Number of updated asset objects reloaded before import = 0
Number of asset objects unloaded after import = 2
========================================================================
Received Import Request.
  Time since last request: 0.000021 seconds.
  path: Assets/Resources/Cards/ARBOL DE SALVIA VIGORIZANTE.jpg
  artifactKey: Guid(4dd6686afd7f4794a8140efadce4f78e) Importer(815301076,1909f56bfc062723c751e8b465ee728b)
Start importing Assets/Resources/Cards/ARBOL DE SALVIA VIGORIZANTE.jpg using Guid(4dd6686afd7f4794a8140efadce4f78e) Importer(815301076,1909f56bfc062723c751e8b465ee728b)  -> (artifact id: '3384de032b4de44f974fd67fea40388e') in 0.009155 seconds
Number of updated asset objects reloaded before import = 0
Number of asset objects unloaded after import = 2
========================================================================
Received Import Request.
  Time since last request: 0.000016 seconds.
  path: Assets/Resources/Cards/ALTAR DE IRIS.jpg
  artifactKey: Guid(9e711dbab89fcda47b3414f37e3ec76b) Importer(815301076,1909f56bfc062723c751e8b465ee728b)
Start importing Assets/Resources/Cards/ALTAR DE IRIS.jpg using Guid(9e711dbab89fcda47b3414f37e3ec76b) Importer(815301076,1909f56bfc062723c751e8b465ee728b)  -> (artifact id: '084cbd60f30314c4a7fae0845cabc5c3') in 0.009309 seconds
Number of updated asset objects reloaded before import = 0
Number of asset objects unloaded after import = 2
========================================================================
Received Import Request.
  Time since last request: 0.000017 seconds.
  path: Assets/Resources/Cards/ARBOL ARRANCADO.jpg
  artifactKey: Guid(1e27eef4dd583244f99258aed27e6946) Importer(815301076,1909f56bfc062723c751e8b465ee728b)
Start importing Assets/Resources/Cards/ARBOL ARRANCADO.jpg using Guid(1e27eef4dd583244f99258aed27e6946) Importer(815301076,1909f56bfc062723c751e8b465ee728b)  -> (artifact id: '4743104c9b866ec40d7fc09619f72e69') in 0.010741 seconds
Number of updated asset objects reloaded before import = 0
Number of asset objects unloaded after import = 2
========================================================================
Received Import Request.
  Time since last request: 0.000018 seconds.
  path: Assets/Resources/Cards/ARTILLERO DE HAMRRA.jpg
  artifactKey: Guid(ed0105ca2628cd04dab3520adbe041b2) Importer(815301076,1909f56bfc062723c751e8b465ee728b)
Start importing Assets/Resources/Cards/ARTILLERO DE HAMRRA.jpg using Guid(ed0105ca2628cd04dab3520adbe041b2) Importer(815301076,1909f56bfc062723c751e8b465ee728b)  -> (artifact id: '4d8b03bc7253dfa75df5e8b8b5aee275') in 0.010406 seconds
Number of updated asset objects reloaded before import = 0
Number of asset objects unloaded after import = 2
========================================================================
Received Import Request.
  Time since last request: 0.000025 seconds.
  path: Assets/Resources/Cards/ALUCA CONDENADORA.jpg
  artifactKey: Guid(dfdf45cc792c5164e840033352ab36dd) Importer(815301076,1909f56bfc062723c751e8b465ee728b)
Start importing Assets/Resources/Cards/ALUCA CONDENADORA.jpg using Guid(dfdf45cc792c5164e840033352ab36dd) Importer(815301076,1909f56bfc062723c751e8b465ee728b)  -> (artifact id: '73ab60ba5865346b43059df3831e4a8e') in 0.010754 seconds
Number of updated asset objects reloaded before import = 0
Number of asset objects unloaded after import = 2
========================================================================
Received Import Request.
  Time since last request: 0.000017 seconds.
  path: Assets/Resources/Cards/ARBOL ANCIANO.jpg
  artifactKey: Guid(e26e5a4e775370148bf96d7ff1f5172a) Importer(815301076,1909f56bfc062723c751e8b465ee728b)
Start importing Assets/Resources/Cards/ARBOL ANCIANO.jpg using Guid(e26e5a4e775370148bf96d7ff1f5172a) Importer(815301076,1909f56bfc062723c751e8b465ee728b)  -> (artifact id: '491234d75cfb4138f27c14c63936e8e7') in 0.010143 seconds
Number of updated asset objects reloaded before import = 0
Number of asset objects unloaded after import = 2
========================================================================
Received Import Request.
  Time since last request: 0.000018 seconds.
  path: Assets/Resources/Cards/ASESINO CONTRATADO.jpg
  artifactKey: Guid(50c32042dedb0ec4fa3279af3261f4a2) Importer(815301076,1909f56bfc062723c751e8b465ee728b)
Start importing Assets/Resources/Cards/ASESINO CONTRATADO.jpg using Guid(50c32042dedb0ec4fa3279af3261f4a2) Importer(815301076,1909f56bfc062723c751e8b465ee728b)  -> (artifact id: 'bf95c98a19f890d890f223f575027bf9') in 0.011593 seconds
Number of updated asset objects reloaded before import = 0
Number of asset objects unloaded after import = 2
========================================================================
Received Import Request.
  Time since last request: 0.000030 seconds.
  path: Assets/Resources/Cards/ARIETE DE GUERRA.jpg
  artifactKey: Guid(36ede1749a2bd1e41b9ced2ae12b154c) Importer(815301076,1909f56bfc062723c751e8b465ee728b)
Start importing Assets/Resources/Cards/ARIETE DE GUERRA.jpg using Guid(36ede1749a2bd1e41b9ced2ae12b154c) Importer(815301076,1909f56bfc062723c751e8b465ee728b)  -> (artifact id: 'e13d22b3ba1e6dabe0230c2576308892') in 0.010095 seconds
Number of updated asset objects reloaded before import = 0
Number of asset objects unloaded after import = 2
========================================================================
Received Import Request.
  Time since last request: 0.000020 seconds.
  path: Assets/Resources/Cards/ACECHANDO EL REINO 1.jpg
  artifactKey: Guid(0d05a0e20d9a9d3409cf9bc064e2f360) Importer(815301076,1909f56bfc062723c751e8b465ee728b)
Start importing Assets/Resources/Cards/ACECHANDO EL REINO 1.jpg using Guid(0d05a0e20d9a9d3409cf9bc064e2f360) Importer(815301076,1909f56bfc062723c751e8b465ee728b)  -> (artifact id: '1b85309f18dd3ca36cc80850bbc2fe43') in 0.009794 seconds
Number of updated asset objects reloaded before import = 0
Number of asset objects unloaded after import = 2
========================================================================
Received Import Request.
  Time since last request: 0.000020 seconds.
  path: Assets/Resources/Cards/ARLEQUIN DE LA CORONA.jpg
  artifactKey: Guid(3b53c1aaf79c2fe459bbd269484766ee) Importer(815301076,1909f56bfc062723c751e8b465ee728b)
Start importing Assets/Resources/Cards/ARLEQUIN DE LA CORONA.jpg using Guid(3b53c1aaf79c2fe459bbd269484766ee) Importer(815301076,1909f56bfc062723c751e8b465ee728b)  -> (artifact id: 'c63fba4821b053bbc79700d2bd08c954') in 0.010762 seconds
Number of updated asset objects reloaded before import = 0
Number of asset objects unloaded after import = 2
========================================================================
Received Import Request.
  Time since last request: 4.836994 seconds.
  path: Assets/Resources/Cards/TRAIDOR AVARO.jpg
  artifactKey: Guid(07a3654d0a0b6d744ba827fc57fd2657) Importer(815301076,1909f56bfc062723c751e8b465ee728b)
Start importing Assets/Resources/Cards/TRAIDOR AVARO.jpg using Guid(07a3654d0a0b6d744ba827fc57fd2657) Importer(815301076,1909f56bfc062723c751e8b465ee728b)  -> (artifact id: '27784ea53744756f045ec7491267afd6') in 0.018149 seconds
Number of updated asset objects reloaded before import = 0
Number of asset objects unloaded after import = 2
========================================================================
Received Import Request.
  Time since last request: 0.000055 seconds.
  path: Assets/Resources/Cards/YOYI, HERALDO DE LA DESTRUCCION.jpg
  artifactKey: Guid(e4ee5088f33830348916e0020a63a0ab) Importer(815301076,1909f56bfc062723c751e8b465ee728b)
Start importing Assets/Resources/Cards/YOYI, HERALDO DE LA DESTRUCCION.jpg using Guid(e4ee5088f33830348916e0020a63a0ab) Importer(815301076,1909f56bfc062723c751e8b465ee728b)  -> (artifact id: '10ba10af0dd15c6d48e1c6d0a74ee236') in 0.011106 seconds
Number of updated asset objects reloaded before import = 0
Number of asset objects unloaded after import = 2
========================================================================
Received Import Request.
  Time since last request: 0.000019 seconds.
  path: Assets/Resources/Cards/TRAMPA DE ESPINAS.jpg
  artifactKey: Guid(7e8f35bc07dc05049907de63517723bb) Importer(815301076,1909f56bfc062723c751e8b465ee728b)
Start importing Assets/Resources/Cards/TRAMPA DE ESPINAS.jpg using Guid(7e8f35bc07dc05049907de63517723bb) Importer(815301076,1909f56bfc062723c751e8b465ee728b)  -> (artifact id: '378672972822689ee9fbd7df9d7c8cb5') in 0.009640 seconds
Number of updated asset objects reloaded before import = 0
Number of asset objects unloaded after import = 2
========================================================================
Received Import Request.
  Time since last request: 0.000015 seconds.
  path: Assets/Resources/Cards/VOLVIENDO DEL PASEO.jpg
  artifactKey: Guid(cafe1c31ba25cd3419c28a14246ab99b) Importer(815301076,1909f56bfc062723c751e8b465ee728b)
Start importing Assets/Resources/Cards/VOLVIENDO DEL PASEO.jpg using Guid(cafe1c31ba25cd3419c28a14246ab99b) Importer(815301076,1909f56bfc062723c751e8b465ee728b)  -> (artifact id: 'c7f03fc23c708c29ea165e381089de0a') in 0.009209 seconds
Number of updated asset objects reloaded before import = 0
Number of asset objects unloaded after import = 2
========================================================================
Received Import Request.
  Time since last request: 0.000038 seconds.
  path: Assets/Resources/Cards/VIDENTE DEL BOSQUE.jpg
  artifactKey: Guid(4c99bf4223980ef45b419b30c49c71d6) Importer(815301076,1909f56bfc062723c751e8b465ee728b)
Start importing Assets/Resources/Cards/VIDENTE DEL BOSQUE.jpg using Guid(4c99bf4223980ef45b419b30c49c71d6) Importer(815301076,1909f56bfc062723c751e8b465ee728b)  -> (artifact id: '25dc82b41571641b09ea87348abf0b5d') in 0.009956 seconds
Number of updated asset objects reloaded before import = 0
Number of asset objects unloaded after import = 2
========================================================================
Received Import Request.
  Time since last request: 0.000034 seconds.
  path: Assets/Resources/Cards/TRIPULACION EN CAMINO.jpg
  artifactKey: Guid(7da8696ebc8aaa24b9d257083c7cfe84) Importer(815301076,1909f56bfc062723c751e8b465ee728b)
Start importing Assets/Resources/Cards/TRIPULACION EN CAMINO.jpg using Guid(7da8696ebc8aaa24b9d257083c7cfe84) Importer(815301076,1909f56bfc062723c751e8b465ee728b)  -> (artifact id: '5851b38880961090e1c6bca8846b9c7a') in 0.009367 seconds
Number of updated asset objects reloaded before import = 0
Number of asset objects unloaded after import = 2
========================================================================
Received Import Request.
  Time since last request: 0.000017 seconds.
  path: Assets/Resources/Cards/YOR-NAN, MANIPULADOR ENERGETICO.jpg
  artifactKey: Guid(2f3de3b12260ca846be92d2e4e738683) Importer(815301076,1909f56bfc062723c751e8b465ee728b)
Start importing Assets/Resources/Cards/YOR-NAN, MANIPULADOR ENERGETICO.jpg using Guid(2f3de3b12260ca846be92d2e4e738683) Importer(815301076,1909f56bfc062723c751e8b465ee728b)  -> (artifact id: '289dfba85d2b13dad16947973ac48f8f') in 0.009040 seconds
Number of updated asset objects reloaded before import = 0
Number of asset objects unloaded after import = 2
========================================================================
Received Import Request.
  Time since last request: 0.000017 seconds.
  path: Assets/Resources/Cards/UNION DE BRUJAS.jpg
  artifactKey: Guid(4c40a30a7a7030248ada256d06918768) Importer(815301076,1909f56bfc062723c751e8b465ee728b)
Start importing Assets/Resources/Cards/UNION DE BRUJAS.jpg using Guid(4c40a30a7a7030248ada256d06918768) Importer(815301076,1909f56bfc062723c751e8b465ee728b)  -> (artifact id: '8362bea5a62d6150fa32f397d77ae18b') in 0.010580 seconds
Number of updated asset objects reloaded before import = 0
Number of asset objects unloaded after import = 2
========================================================================
Received Import Request.
  Time since last request: 0.000015 seconds.
  path: Assets/Resources/Cards/VERDUGO INFERNAL.jpg
  artifactKey: Guid(04f399d2859a2d14b9ba052930cfa334) Importer(815301076,1909f56bfc062723c751e8b465ee728b)
Start importing Assets/Resources/Cards/VERDUGO INFERNAL.jpg using Guid(04f399d2859a2d14b9ba052930cfa334) Importer(815301076,1909f56bfc062723c751e8b465ee728b)  -> (artifact id: '83b7dc4cd6db1b9f5fa54ef1922f5a90') in 0.008944 seconds
Number of updated asset objects reloaded before import = 0
Number of asset objects unloaded after import = 2
========================================================================
Received Import Request.
  Time since last request: 0.000017 seconds.
  path: Assets/Resources/Cards/YOR-NAN, MANIPULADOR ENERGETICO 1.jpg
  artifactKey: Guid(76c531c66efa94d43a081475fee4beac) Importer(815301076,1909f56bfc062723c751e8b465ee728b)
Start importing Assets/Resources/Cards/YOR-NAN, MANIPULADOR ENERGETICO 1.jpg using Guid(76c531c66efa94d43a081475fee4beac) Importer(815301076,1909f56bfc062723c751e8b465ee728b)  -> (artifact id: '3033c6335872f75f626fad47f52abdab') in 0.010800 seconds
Number of updated asset objects reloaded before import = 0
Number of asset objects unloaded after import = 2
========================================================================
Received Import Request.
  Time since last request: 0.000017 seconds.
  path: Assets/Resources/Cards/VERONICA, LA MALDITA.jpg
  artifactKey: Guid(ec9e6d56d5809034a964e78c6664bd14) Importer(815301076,1909f56bfc062723c751e8b465ee728b)
Start importing Assets/Resources/Cards/VERONICA, LA MALDITA.jpg using Guid(ec9e6d56d5809034a964e78c6664bd14) Importer(815301076,1909f56bfc062723c751e8b465ee728b)  -> (artifact id: 'a00380150255fed69868e431388bdccb') in 0.008988 seconds
Number of updated asset objects reloaded before import = 0
Number of asset objects unloaded after import = 2
========================================================================
Received Import Request.
  Time since last request: 0.000015 seconds.
  path: Assets/Resources/Cards/YIAN, CULTOR DE ORDENES.jpg
  artifactKey: Guid(900ee2548c883c54e9690f3faab4639e) Importer(815301076,1909f56bfc062723c751e8b465ee728b)
Start importing Assets/Resources/Cards/YIAN, CULTOR DE ORDENES.jpg using Guid(900ee2548c883c54e9690f3faab4639e) Importer(815301076,1909f56bfc062723c751e8b465ee728b)  -> (artifact id: '39f13a2d02f17069b457938bdf53f76c') in 0.008644 seconds
Number of updated asset objects reloaded before import = 0
Number of asset objects unloaded after import = 2
========================================================================
Received Import Request.
  Time since last request: 0.000015 seconds.
  path: Assets/Resources/Cards/VIGILANTE DEL PORTAL.jpg
  artifactKey: Guid(fc6e366b7f7e7ba488089d1efbb80d26) Importer(815301076,1909f56bfc062723c751e8b465ee728b)
Start importing Assets/Resources/Cards/VIGILANTE DEL PORTAL.jpg using Guid(fc6e366b7f7e7ba488089d1efbb80d26) Importer(815301076,1909f56bfc062723c751e8b465ee728b)  -> (artifact id: '7fdf49115bf1cd72b76cee0c7afc9e59') in 0.009104 seconds
Number of updated asset objects reloaded before import = 0
Number of asset objects unloaded after import = 2
========================================================================
Received Import Request.
  Time since last request: 0.000018 seconds.
  path: Assets/Resources/Cards/WAGNER, ARCHIMAGO DE LA TORRE 1.jpg
  artifactKey: Guid(e785c582b32c5fd42a88425f3a111278) Importer(815301076,1909f56bfc062723c751e8b465ee728b)
Start importing Assets/Resources/Cards/WAGNER, ARCHIMAGO DE LA TORRE 1.jpg using Guid(e785c582b32c5fd42a88425f3a111278) Importer(815301076,1909f56bfc062723c751e8b465ee728b)  -> (artifact id: '52ad5a5f109fc172d662082b780e4591') in 0.008979 seconds
Number of updated asset objects reloaded before import = 0
Number of asset objects unloaded after import = 2
========================================================================
Received Import Request.
  Time since last request: 0.000036 seconds.
  path: Assets/Resources/Cards/TRAIDOR AVARO 1.jpg
  artifactKey: Guid(df5c2e0ed498da140a46de7fd60c1c8e) Importer(815301076,1909f56bfc062723c751e8b465ee728b)
Start importing Assets/Resources/Cards/TRAIDOR AVARO 1.jpg using Guid(df5c2e0ed498da140a46de7fd60c1c8e) Importer(815301076,1909f56bfc062723c751e8b465ee728b)  -> (artifact id: 'b0b0f9bd64d31de3e38d360d9515077f') in 0.010692 seconds
Number of updated asset objects reloaded before import = 0
Number of asset objects unloaded after import = 2
========================================================================
Received Import Request.
  Time since last request: 0.000017 seconds.
  path: Assets/Resources/Cards/TROPAS DE REFUERZO 1.jpg
  artifactKey: Guid(f37216a436b247249a66a9b8dee961ef) Importer(815301076,1909f56bfc062723c751e8b465ee728b)
Start importing Assets/Resources/Cards/TROPAS DE REFUERZO 1.jpg using Guid(f37216a436b247249a66a9b8dee961ef) Importer(815301076,1909f56bfc062723c751e8b465ee728b)  -> (artifact id: 'f71de8213aac16cf39e5fbd63c5fb660') in 0.008892 seconds
Number of updated asset objects reloaded before import = 0
Number of asset objects unloaded after import = 2
========================================================================
Received Import Request.
  Time since last request: 0.000022 seconds.
  path: Assets/Resources/Cards/UGUEY, FUNDADOR DE LA FE.jpg
  artifactKey: Guid(ae9fee936d772c34bbc486f5dee705b4) Importer(815301076,1909f56bfc062723c751e8b465ee728b)
Start importing Assets/Resources/Cards/UGUEY, FUNDADOR DE LA FE.jpg using Guid(ae9fee936d772c34bbc486f5dee705b4) Importer(815301076,1909f56bfc062723c751e8b465ee728b)  -> (artifact id: 'f848bd65ce5fffc6cab7037f5fd1384d') in 0.009000 seconds
Number of updated asset objects reloaded before import = 0
Number of asset objects unloaded after import = 2
========================================================================
Received Import Request.
  Time since last request: 54.593743 seconds.
  path: Assets/Resources/Cards/TRAIDOR AVARO.jpg
  artifactKey: Guid(07a3654d0a0b6d744ba827fc57fd2657) Importer(815301076,1909f56bfc062723c751e8b465ee728b)
Start importing Assets/Resources/Cards/TRAIDOR AVARO.jpg using Guid(07a3654d0a0b6d744ba827fc57fd2657) Importer(815301076,1909f56bfc062723c751e8b465ee728b)  -> (artifact id: 'c99ce262b09acd9fe072b97f617ef351') in 0.072974 seconds
Number of updated asset objects reloaded before import = 0
Number of asset objects unloaded after import = 3
========================================================================
Received Import Request.
  Time since last request: 0.000042 seconds.
  path: Assets/Resources/Cards/VOLVIENDO DEL PASEO.jpg
  artifactKey: Guid(cafe1c31ba25cd3419c28a14246ab99b) Importer(815301076,1909f56bfc062723c751e8b465ee728b)
Start importing Assets/Resources/Cards/VOLVIENDO DEL PASEO.jpg using Guid(cafe1c31ba25cd3419c28a14246ab99b) Importer(815301076,1909f56bfc062723c751e8b465ee728b)  -> (artifact id: '549cd6846f996ca9e17413e8df8b6e07') in 0.014989 seconds
Number of updated asset objects reloaded before import = 0
Number of asset objects unloaded after import = 3
========================================================================
Received Import Request.
  Time since last request: 0.000015 seconds.
  path: Assets/Resources/Cards/VIDENTE DEL BOSQUE.jpg
  artifactKey: Guid(4c99bf4223980ef45b419b30c49c71d6) Importer(815301076,1909f56bfc062723c751e8b465ee728b)
Start importing Assets/Resources/Cards/VIDENTE DEL BOSQUE.jpg using Guid(4c99bf4223980ef45b419b30c49c71d6) Importer(815301076,1909f56bfc062723c751e8b465ee728b)  -> (artifact id: '2695dfe1ca450390883b7f7092d4b2f5') in 0.013578 seconds
Number of updated asset objects reloaded before import = 0
Number of asset objects unloaded after import = 3
========================================================================
Received Import Request.
  Time since last request: 0.000036 seconds.
  path: Assets/Resources/Cards/VORTICE DE ALMAS 1.jpg
  artifactKey: Guid(5aedc81f09761db49afc1ad90e93fce8) Importer(815301076,1909f56bfc062723c751e8b465ee728b)
Start importing Assets/Resources/Cards/VORTICE DE ALMAS 1.jpg using Guid(5aedc81f09761db49afc1ad90e93fce8) Importer(815301076,1909f56bfc062723c751e8b465ee728b)  -> (artifact id: '2d55dea4f4e3dc89004cbfd4e73bf713') in 0.014708 seconds
Number of updated asset objects reloaded before import = 0
Number of asset objects unloaded after import = 3
========================================================================
Received Import Request.
  Time since last request: 0.000025 seconds.
  path: Assets/Resources/Cards/VORTICE DE ALMAS.jpg
  artifactKey: Guid(bab47968eeba75844a5714ca6e79e316) Importer(815301076,1909f56bfc062723c751e8b465ee728b)
Start importing Assets/Resources/Cards/VORTICE DE ALMAS.jpg using Guid(bab47968eeba75844a5714ca6e79e316) Importer(815301076,1909f56bfc062723c751e8b465ee728b)  -> (artifact id: '62d0ad966b44ebf82e830f1c8e0749c9') in 0.013842 seconds
Number of updated asset objects reloaded before import = 0
Number of asset objects unloaded after import = 3
========================================================================
Received Import Request.
  Time since last request: 0.000021 seconds.
  path: Assets/Resources/Cards/YION, CREADORA DE ILUSIONES.jpg
  artifactKey: Guid(cc1dea1b76d6f6c4e9d2a3063de0ab32) Importer(815301076,1909f56bfc062723c751e8b465ee728b)
Start importing Assets/Resources/Cards/YION, CREADORA DE ILUSIONES.jpg using Guid(cc1dea1b76d6f6c4e9d2a3063de0ab32) Importer(815301076,1909f56bfc062723c751e8b465ee728b)  -> (artifact id: 'ec9623755c680b363ac67ba2c856c925') in 0.014203 seconds
Number of updated asset objects reloaded before import = 0
Number of asset objects unloaded after import = 3
========================================================================
Received Import Request.
  Time since last request: 0.000046 seconds.
  path: Assets/Resources/Cards/WAGNER, ARCHIMAGO DE LA TORRE.jpg
  artifactKey: Guid(8489472cb39d2b748b3fb0b873a92283) Importer(815301076,1909f56bfc062723c751e8b465ee728b)
Start importing Assets/Resources/Cards/WAGNER, ARCHIMAGO DE LA TORRE.jpg using Guid(8489472cb39d2b748b3fb0b873a92283) Importer(815301076,1909f56bfc062723c751e8b465ee728b)  -> (artifact id: '30c1f0433bcb67e66e292be2c63f6e74') in 0.012417 seconds
Number of updated asset objects reloaded before import = 0
Number of asset objects unloaded after import = 3
========================================================================
Received Import Request.
  Time since last request: 0.000020 seconds.
  path: Assets/Resources/Cards/TRIPULANTE TRAICIONADO.jpg
  artifactKey: Guid(9bc6774e86e549d4e8c3689064dda45c) Importer(815301076,1909f56bfc062723c751e8b465ee728b)
Start importing Assets/Resources/Cards/TRIPULANTE TRAICIONADO.jpg using Guid(9bc6774e86e549d4e8c3689064dda45c) Importer(815301076,1909f56bfc062723c751e8b465ee728b)  -> (artifact id: 'b3d9826a50f9dff3af4bcb892313888a') in 0.012045 seconds
Number of updated asset objects reloaded before import = 0
Number of asset objects unloaded after import = 3
========================================================================
Received Import Request.
  Time since last request: 0.000027 seconds.
  path: Assets/Resources/Cards/TROPAS DE REFUERZO.jpg
  artifactKey: Guid(b5060140970bed6409afe87ab9f9e0a0) Importer(815301076,1909f56bfc062723c751e8b465ee728b)
Start importing Assets/Resources/Cards/TROPAS DE REFUERZO.jpg using Guid(b5060140970bed6409afe87ab9f9e0a0) Importer(815301076,1909f56bfc062723c751e8b465ee728b)  -> (artifact id: 'eda638e148a214148bddbf8478ddbf30') in 0.011928 seconds
Number of updated asset objects reloaded before import = 0
Number of asset objects unloaded after import = 3
========================================================================
Received Import Request.
  Time since last request: 0.000022 seconds.
  path: Assets/Resources/Cards/URLAMOK, GUARDIAN DEL ORO.jpg
  artifactKey: Guid(213b795f2b47ddb488e7234bde9b6326) Importer(815301076,1909f56bfc062723c751e8b465ee728b)
Start importing Assets/Resources/Cards/URLAMOK, GUARDIAN DEL ORO.jpg using Guid(213b795f2b47ddb488e7234bde9b6326) Importer(815301076,1909f56bfc062723c751e8b465ee728b)  -> (artifact id: 'c4b9a7520f7308c8583b5faac0910298') in 0.013379 seconds
Number of updated asset objects reloaded before import = 0
Number of asset objects unloaded after import = 3
========================================================================
Received Import Request.
  Time since last request: 0.000033 seconds.
  path: Assets/Resources/Cards/VOLUNTARIO PARA SACRIFICIO.jpg
  artifactKey: Guid(9f4fbf13ddb61364ab063d173b07b522) Importer(815301076,1909f56bfc062723c751e8b465ee728b)
Start importing Assets/Resources/Cards/VOLUNTARIO PARA SACRIFICIO.jpg using Guid(9f4fbf13ddb61364ab063d173b07b522) Importer(815301076,1909f56bfc062723c751e8b465ee728b)  -> (artifact id: '5d7f88b855b7f387a71fc90267d3e161') in 0.011546 seconds
Number of updated asset objects reloaded before import = 0
Number of asset objects unloaded after import = 3
========================================================================
Received Import Request.
  Time since last request: 0.000020 seconds.
  path: Assets/Resources/Cards/VINO VIGORIZANTE DE MONJE.jpg
  artifactKey: Guid(19b33e58e6b30c04ca10917814a39b06) Importer(815301076,1909f56bfc062723c751e8b465ee728b)
Start importing Assets/Resources/Cards/VINO VIGORIZANTE DE MONJE.jpg using Guid(19b33e58e6b30c04ca10917814a39b06) Importer(815301076,1909f56bfc062723c751e8b465ee728b)  -> (artifact id: 'cdf45052db9124dd00534166e9054169') in 0.014003 seconds
Number of updated asset objects reloaded before import = 0
Number of asset objects unloaded after import = 3
========================================================================
Received Import Request.
  Time since last request: 0.000015 seconds.
  path: Assets/Resources/Cards/TRAIDOR AVARO 1.jpg
  artifactKey: Guid(df5c2e0ed498da140a46de7fd60c1c8e) Importer(815301076,1909f56bfc062723c751e8b465ee728b)
Start importing Assets/Resources/Cards/TRAIDOR AVARO 1.jpg using Guid(df5c2e0ed498da140a46de7fd60c1c8e) Importer(815301076,1909f56bfc062723c751e8b465ee728b)  -> (artifact id: 'a16614b38ea979712b6eaaa32b1c19dd') in 0.011772 seconds
Number of updated asset objects reloaded before import = 0
Number of asset objects unloaded after import = 3
========================================================================
Received Import Request.
  Time since last request: 0.000025 seconds.
  path: Assets/Resources/Cards/VIDENTE EFECTIVA.jpg
  artifactKey: Guid(f2590a15651d6774ea4f8f5377bd22dc) Importer(815301076,1909f56bfc062723c751e8b465ee728b)
Start importing Assets/Resources/Cards/VIDENTE EFECTIVA.jpg using Guid(f2590a15651d6774ea4f8f5377bd22dc) Importer(815301076,1909f56bfc062723c751e8b465ee728b)  -> (artifact id: '0237f6c474dcfa5237488a4654e1ffa6') in 0.013107 seconds
Number of updated asset objects reloaded before import = 0
Number of asset objects unloaded after import = 3
========================================================================
Received Import Request.
  Time since last request: 0.000025 seconds.
  path: Assets/Resources/Cards/TRIPULANTE TRAICIONADO 1.jpg
  artifactKey: Guid(34d880b0ac1842747b9d00d88365d3a3) Importer(815301076,1909f56bfc062723c751e8b465ee728b)
Start importing Assets/Resources/Cards/TRIPULANTE TRAICIONADO 1.jpg using Guid(34d880b0ac1842747b9d00d88365d3a3) Importer(815301076,1909f56bfc062723c751e8b465ee728b)  -> (artifact id: '43105fc07ecd5ee7647e42fe25a59581') in 0.012752 seconds
Number of updated asset objects reloaded before import = 0
Number of asset objects unloaded after import = 3
========================================================================
Received Import Request.
  Time since last request: 3.931203 seconds.
  path: Assets/Resources/Cards/DOBLEGADORA DE ALMAS 1.jpg
  artifactKey: Guid(569eaf6813852164fa57ac80782d9549) Importer(815301076,1909f56bfc062723c751e8b465ee728b)
Start importing Assets/Resources/Cards/DOBLEGADORA DE ALMAS 1.jpg using Guid(569eaf6813852164fa57ac80782d9549) Importer(815301076,1909f56bfc062723c751e8b465ee728b)  -> (artifact id: '3e6e6eddfc16bd876590a72d56cbdc87') in 0.016928 seconds
Number of updated asset objects reloaded before import = 0
Number of asset objects unloaded after import = 3
========================================================================
Received Import Request.
  Time since last request: 0.000021 seconds.
  path: Assets/Resources/Cards/DRANK, LINAJE EXPLORADOR.jpg
  artifactKey: Guid(f9ad74d85027a8d41af9f2eaae28c149) Importer(815301076,1909f56bfc062723c751e8b465ee728b)
Start importing Assets/Resources/Cards/DRANK, LINAJE EXPLORADOR.jpg using Guid(f9ad74d85027a8d41af9f2eaae28c149) Importer(815301076,1909f56bfc062723c751e8b465ee728b)  -> (artifact id: '7c7ebde27330fd4d665bd3a0c85c5a82') in 0.014642 seconds
Number of updated asset objects reloaded before import = 0
Number of asset objects unloaded after import = 3
========================================================================
Received Import Request.
  Time since last request: 0.000043 seconds.
  path: Assets/Resources/Cards/DOMINADORA DEL AIRE 1.jpg
  artifactKey: Guid(0f8a6645b6ada2d4585e2cf0ebfdb251) Importer(815301076,1909f56bfc062723c751e8b465ee728b)
Start importing Assets/Resources/Cards/DOMINADORA DEL AIRE 1.jpg using Guid(0f8a6645b6ada2d4585e2cf0ebfdb251) Importer(815301076,1909f56bfc062723c751e8b465ee728b)  -> (artifact id: '1c25a781da48546b2c61660554f318a9') in 0.014904 seconds
Number of updated asset objects reloaded before import = 0
Number of asset objects unloaded after import = 3
========================================================================
Received Import Request.
  Time since last request: 0.000026 seconds.
  path: Assets/Resources/Cards/EJECUTANDO PRISIONEROS.jpg
  artifactKey: Guid(52800d3b6a6fb484ba4ec6064564bcfb) Importer(815301076,1909f56bfc062723c751e8b465ee728b)
Start importing Assets/Resources/Cards/EJECUTANDO PRISIONEROS.jpg using Guid(52800d3b6a6fb484ba4ec6064564bcfb) Importer(815301076,1909f56bfc062723c751e8b465ee728b)  -> (artifact id: '7b0833abf18216b625d6b04b0105ecf5') in 0.015897 seconds
Number of updated asset objects reloaded before import = 0
Number of asset objects unloaded after import = 3
========================================================================
Received Import Request.
  Time since last request: 0.000041 seconds.
  path: Assets/Resources/Cards/EDICTOS DE LA REINA.jpg
  artifactKey: Guid(eeec63b6f1d25354ca4f430632cfdeab) Importer(815301076,1909f56bfc062723c751e8b465ee728b)
Start importing Assets/Resources/Cards/EDICTOS DE LA REINA.jpg using Guid(eeec63b6f1d25354ca4f430632cfdeab) Importer(815301076,1909f56bfc062723c751e8b465ee728b)  -> (artifact id: 'b5a904c513373aa1b1b51ffa7348f4ec') in 0.011736 seconds
Number of updated asset objects reloaded before import = 0
Number of asset objects unloaded after import = 3
========================================================================
Received Import Request.
  Time since last request: 0.000016 seconds.
  path: Assets/Resources/Cards/EJECUTANDO PRISIONEROS 1.jpg
  artifactKey: Guid(e9d4c9ac951c72147bef97dcbc5e8e4b) Importer(815301076,1909f56bfc062723c751e8b465ee728b)
Start importing Assets/Resources/Cards/EJECUTANDO PRISIONEROS 1.jpg using Guid(e9d4c9ac951c72147bef97dcbc5e8e4b) Importer(815301076,1909f56bfc062723c751e8b465ee728b)  -> (artifact id: '9071ca3e88a0b7aff870e2f38b4c0ae9') in 0.011764 seconds
Number of updated asset objects reloaded before import = 0
Number of asset objects unloaded after import = 3
========================================================================
Received Import Request.
  Time since last request: 0.000041 seconds.
  path: Assets/Resources/Cards/DOJO DE ENTRENAMIENTO.jpg
  artifactKey: Guid(5e6c071dca4d34145aa3f196a52606e1) Importer(815301076,1909f56bfc062723c751e8b465ee728b)
Start importing Assets/Resources/Cards/DOJO DE ENTRENAMIENTO.jpg using Guid(5e6c071dca4d34145aa3f196a52606e1) Importer(815301076,1909f56bfc062723c751e8b465ee728b)  -> (artifact id: '26ca23c47acb313ea4d78c27db09fa76') in 0.011151 seconds
Number of updated asset objects reloaded before import = 0
Number of asset objects unloaded after import = 3
========================================================================
Received Import Request.
  Time since last request: 0.000048 seconds.
  path: Assets/Resources/Cards/DRAKE, EL VETERANO.jpg
  artifactKey: Guid(d0b90f7bc378d1245801d21cc5316a49) Importer(815301076,1909f56bfc062723c751e8b465ee728b)
Start importing Assets/Resources/Cards/DRAKE, EL VETERANO.jpg using Guid(d0b90f7bc378d1245801d21cc5316a49) Importer(815301076,1909f56bfc062723c751e8b465ee728b)  -> (artifact id: '1b9125a0a830f78a5273b9cbda0b5dc6') in 0.012007 seconds
Number of updated asset objects reloaded before import = 0
Number of asset objects unloaded after import = 3
========================================================================
Received Import Request.
  Time since last request: 0.000033 seconds.
  path: Assets/Resources/Cards/ELEONOR, INSPIRADORA DE LA MORAL 1.jpg
  artifactKey: Guid(50c0110ab975cde4f8e7da95268abcfc) Importer(815301076,1909f56bfc062723c751e8b465ee728b)
Start importing Assets/Resources/Cards/ELEONOR, INSPIRADORA DE LA MORAL 1.jpg using Guid(50c0110ab975cde4f8e7da95268abcfc) Importer(815301076,1909f56bfc062723c751e8b465ee728b)  -> (artifact id: 'f88e3ec9c91dcb0c52e3362d6dbc03ed') in 0.014360 seconds
Number of updated asset objects reloaded before import = 0
Number of asset objects unloaded after import = 3
========================================================================
Received Import Request.
  Time since last request: 0.000014 seconds.
  path: Assets/Resources/Cards/EE5340BB726BA8DE2B36B57E81BC5D24358ECF26_dorso final.jpg
  artifactKey: Guid(57f64f4ee3c67e34eab5d7f59c4612b2) Importer(815301076,1909f56bfc062723c751e8b465ee728b)
Start importing Assets/Resources/Cards/EE5340BB726BA8DE2B36B57E81BC5D24358ECF26_dorso final.jpg using Guid(57f64f4ee3c67e34eab5d7f59c4612b2) Importer(815301076,1909f56bfc062723c751e8b465ee728b)  -> (artifact id: '9eeba86192078879f55a9b8c44db3518') in 0.025453 seconds
Number of updated asset objects reloaded before import = 0
Number of asset objects unloaded after import = 3
========================================================================
Received Import Request.
  Time since last request: 0.149231 seconds.
  path: Assets/Resources/Cards/TITAN DE ROCA.jpg
  artifactKey: Guid(daf681dfe74ac394bbc250a2c6819b57) Importer(815301076,1909f56bfc062723c751e8b465ee728b)
Start importing Assets/Resources/Cards/TITAN DE ROCA.jpg using Guid(daf681dfe74ac394bbc250a2c6819b57) Importer(815301076,1909f56bfc062723c751e8b465ee728b)  -> (artifact id: '50a01a0702e418abc7bcf790a3e76950') in 0.015324 seconds
Number of updated asset objects reloaded before import = 0
Number of asset objects unloaded after import = 3
========================================================================
Received Import Request.
  Time since last request: 0.000027 seconds.
  path: Assets/TextMesh Pro/Shaders/TMPro.cginc
  artifactKey: Guid(407bc68d299748449bbf7f48ee690f8d) Importer(815301076,1909f56bfc062723c751e8b465ee728b)
Start importing Assets/TextMesh Pro/Shaders/TMPro.cginc using Guid(407bc68d299748449bbf7f48ee690f8d) Importer(815301076,1909f56bfc062723c751e8b465ee728b)  -> (artifact id: 'b2f603c20fc83149d951696e0b5ff78e') in 0.002534 seconds
Number of updated asset objects reloaded before import = 0
Number of asset objects unloaded after import = 1
========================================================================
Received Import Request.
  Time since last request: 0.000050 seconds.
  path: Assets/TextMesh Pro/Shaders/TMPro_Mobile.cginc
  artifactKey: Guid(c334973cef89a9840b0b0c507e0377ab) Importer(815301076,1909f56bfc062723c751e8b465ee728b)
Start importing Assets/TextMesh Pro/Shaders/TMPro_Mobile.cginc using Guid(c334973cef89a9840b0b0c507e0377ab) Importer(815301076,1909f56bfc062723c751e8b465ee728b)  -> (artifact id: 'ed4948e3d3b156c358d774882348c13a') in 0.001480 seconds
Number of updated asset objects reloaded before import = 0
Number of asset objects unloaded after import = 1
========================================================================
Received Import Request.
  Time since last request: 0.000015 seconds.
  path: Assets/TextMesh Pro/Shaders/TMPro_Surface.cginc
  artifactKey: Guid(d930090c0cd643c7b55f19a38538c162) Importer(815301076,1909f56bfc062723c751e8b465ee728b)
Start importing Assets/TextMesh Pro/Shaders/TMPro_Surface.cginc using Guid(d930090c0cd643c7b55f19a38538c162) Importer(815301076,1909f56bfc062723c751e8b465ee728b)  -> (artifact id: '9c686a485411b244d6b24147d7663491') in 0.001127 seconds
Number of updated asset objects reloaded before import = 0
Number of asset objects unloaded after import = 1
========================================================================
Received Import Request.
  Time since last request: 0.000014 seconds.
  path: Assets/TextMesh Pro/Shaders/TMPro_Properties.cginc
  artifactKey: Guid(3997e2241185407d80309a82f9148466) Importer(815301076,1909f56bfc062723c751e8b465ee728b)
Start importing Assets/TextMesh Pro/Shaders/TMPro_Properties.cginc using Guid(3997e2241185407d80309a82f9148466) Importer(815301076,1909f56bfc062723c751e8b465ee728b)  -> (artifact id: 'fb17b39ab37ff5c4a0c347358e9d790f') in 0.001088 seconds
Number of updated asset objects reloaded before import = 0
Number of asset objects unloaded after import = 1
========================================================================
Received Import Request.
  Time since last request: 0.000015 seconds.
  path: Assets/Mirror/Editor/Weaver/Unity.Mirror.CodeGen.asmdef
  artifactKey: Guid(1d0b9d21c3ff546a4aa32399dfd33474) Importer(815301076,1909f56bfc062723c751e8b465ee728b)
Start importing Assets/Mirror/Editor/Weaver/Unity.Mirror.CodeGen.asmdef using Guid(1d0b9d21c3ff546a4aa32399dfd33474) Importer(815301076,1909f56bfc062723c751e8b465ee728b)  -> (artifact id: 'bceca436c8eec25b199a6432c0403a30') in 0.000860 seconds
Number of updated asset objects reloaded before import = 0
Number of asset objects unloaded after import = 0
